{"timestamp": "2025-12-11T15:16:57.546689", "latency_ms": 200, "status_code": 207, "route": "/search"}
{"timestamp": "2025-12-11T15:16:57.877629", "latency_ms": 200, "status_code": 244, "route": "/search"}
{"timestamp": "2025-12-11T15:16:58.328165", "latency_ms": 200, "status_code": 254, "route": "/Home"}
{"timestamp": "2025-12-11T15:16:58.809626", "latency_ms": 200, "status_code": 228, "route": "/search"}
{"timestamp": "2025-12-11T15:16:58.989575", "latency_ms": 200, "status_code": 128, "route": "/search"}
{"timestamp": "2025-12-11T15:16:59.113424", "latency_ms": 200, "status_code": 168, "route": "/login"}
{"timestamp": "2025-12-11T15:16:59.552144", "latency_ms": 200, "status_code": 174, "route": "/checkout"}
{"timestamp": "2025-12-11T15:16:59.928011", "latency_ms": 200, "status_code": 283, "route": "/search"}
{"timestamp": "2025-12-11T15:17:00.099786", "latency_ms": 200, "status_code": 241, "route": "/page"}
{"timestamp": "2025-12-11T15:17:00.415465", "latency_ms": 200, "status_code": 158, "route": "/login"}
{"timestamp": "2025-12-11T15:17:00.802618", "latency_ms": 200, "status_code": 135, "route": "/Home"}
{"timestamp": "2025-12-11T15:17:00.919924", "latency_ms": 200, "status_code": 119, "route": "/page"}
{"timestamp": "2025-12-11T15:17:01.253140", "latency_ms": 200, "status_code": 282, "route": "/login"}
{"timestamp": "2025-12-11T15:17:01.554045", "latency_ms": 200, "status_code": 116, "route": "/checkout"}
{"timestamp": "2025-12-11T15:17:01.984988", "latency_ms": 200, "status_code": 132, "route": "/checkout"}
{"timestamp": "2025-12-11T15:17:02.176015", "latency_ms": 200, "status_code": 206, "route": "/login"}
{"timestamp": "2025-12-11T15:17:02.420395", "latency_ms": 200, "status_code": 206, "route": "/checkout"}
{"timestamp": "2025-12-11T15:17:02.835790", "latency_ms": 5695, "status_code": 500, "route": "/login"}
{"timestamp": "2025-12-11T15:17:03.326285", "latency_ms": 200, "status_code": 250, "route": "/search"}
{"timestamp": "2025-12-11T15:17:03.533555", "latency_ms": 200, "status_code": 106, "route": "/login"}
{"timestamp": "2025-12-11T15:17:03.926586", "latency_ms": 200, "status_code": 260, "route": "/Home"}
{"timestamp": "2025-12-11T15:17:04.207983", "latency_ms": 200, "status_code": 170, "route": "/search"}
{"timestamp": "2025-12-11T15:17:04.474876", "latency_ms": 200, "status_code": 174, "route": "/page"}
{"timestamp": "2025-12-11T15:17:04.877630", "latency_ms": 200, "status_code": 200, "route": "/checkout"}
{"timestamp": "2025-12-11T15:17:05.150660", "latency_ms": 200, "status_code": 297, "route": "/checkout"}
{"timestamp": "2025-12-11T15:17:05.387482", "latency_ms": 200, "status_code": 218, "route": "/checkout"}
{"timestamp": "2025-12-11T15:17:05.722820", "latency_ms": 200, "status_code": 170, "route": "/checkout"}
{"timestamp": "2025-12-11T15:17:06.047599", "latency_ms": 200, "status_code": 180, "route": "/Home"}
{"timestamp": "2025-12-11T15:17:06.289576", "latency_ms": 200, "status_code": 229, "route": "/search"}
{"timestamp": "2025-12-11T15:17:06.749142", "latency_ms": 200, "status_code": 251, "route": "/search"}
{"timestamp": "2025-12-11T15:17:07.222364", "latency_ms": 200, "status_code": 232, "route": "/login"}
{"timestamp": "2025-12-11T15:17:07.461781", "latency_ms": 200, "status_code": 162, "route": "/page"}
{"timestamp": "2025-12-11T15:17:07.937587", "latency_ms": 200, "status_code": 121, "route": "/login"}
{"timestamp": "2025-12-11T15:17:08.273191", "latency_ms": 200, "status_code": 106, "route": "/search"}
{"timestamp": "2025-12-11T15:17:08.593961", "latency_ms": 200, "status_code": 201, "route": "/login"}
{"timestamp": "2025-12-11T15:17:08.756186", "latency_ms": 200, "status_code": 166, "route": "/Home"}
{"timestamp": "2025-12-11T15:17:09.239786", "latency_ms": 200, "status_code": 252, "route": "/page"}
{"timestamp": "2025-12-11T15:17:09.394599", "latency_ms": 200, "status_code": 112, "route": "/login"}
{"timestamp": "2025-12-11T15:17:09.818482", "latency_ms": 200, "status_code": 211, "route": "/Home"}
{"timestamp": "2025-12-11T15:17:10.306428", "latency_ms": 200, "status_code": 156, "route": "/page"}
{"timestamp": "2025-12-11T15:17:10.501330", "latency_ms": 200, "status_code": 299, "route": "/Home"}
{"timestamp": "2025-12-11T15:17:10.877543", "latency_ms": 200, "status_code": 171, "route": "/Home"}
{"timestamp": "2025-12-11T15:17:11.128445", "latency_ms": 200, "status_code": 288, "route": "/page"}
{"timestamp": "2025-12-11T15:17:11.482516", "latency_ms": 200, "status_code": 185, "route": "/checkout"}
{"timestamp": "2025-12-11T15:17:11.959420", "latency_ms": 200, "status_code": 292, "route": "/page"}
{"timestamp": "2025-12-11T15:17:12.340029", "latency_ms": 200, "status_code": 138, "route": "/checkout"}
{"timestamp": "2025-12-11T15:17:12.726149", "latency_ms": 200, "status_code": 280, "route": "/checkout"}
{"timestamp": "2025-12-11T15:17:13.064689", "latency_ms": 200, "status_code": 168, "route": "/Home"}
{"timestamp": "2025-12-11T15:17:13.230510", "latency_ms": 6527, "status_code": 500, "route": "/Home"}
{"timestamp": "2025-12-11T15:17:13.459043", "latency_ms": 200, "status_code": 185, "route": "/page"}
{"timestamp": "2025-12-11T15:17:13.584401", "latency_ms": 200, "status_code": 171, "route": "/login"}
{"timestamp": "2025-12-11T15:17:13.993478", "latency_ms": 200, "status_code": 201, "route": "/checkout"}
{"timestamp": "2025-12-11T15:17:14.213602", "latency_ms": 7488, "status_code": 500, "route": "/page"}
{"timestamp": "2025-12-11T15:17:14.530744", "latency_ms": 200, "status_code": 259, "route": "/login"}
{"timestamp": "2025-12-11T15:17:14.956981", "latency_ms": 200, "status_code": 196, "route": "/search"}
{"timestamp": "2025-12-11T15:17:15.294687", "latency_ms": 200, "status_code": 287, "route": "/checkout"}
{"timestamp": "2025-12-11T15:17:15.583945", "latency_ms": 200, "status_code": 264, "route": "/search"}
{"timestamp": "2025-12-11T15:17:15.853063", "latency_ms": 200, "status_code": 279, "route": "/Home"}
{"timestamp": "2025-12-11T15:17:16.116742", "latency_ms": 200, "status_code": 182, "route": "/page"}
{"timestamp": "2025-12-11T15:17:16.612250", "latency_ms": 200, "status_code": 119, "route": "/checkout"}
{"timestamp": "2025-12-11T15:17:16.730241", "latency_ms": 200, "status_code": 277, "route": "/page"}
{"timestamp": "2025-12-11T15:17:16.908867", "latency_ms": 200, "status_code": 191, "route": "/search"}
{"timestamp": "2025-12-11T15:17:17.058873", "latency_ms": 200, "status_code": 252, "route": "/page"}
{"timestamp": "2025-12-11T15:17:17.466752", "latency_ms": 200, "status_code": 197, "route": "/checkout"}
{"timestamp": "2025-12-11T15:17:17.831849", "latency_ms": 200, "status_code": 120, "route": "/page"}
{"timestamp": "2025-12-11T15:17:18.291072", "latency_ms": 200, "status_code": 200, "route": "/Home"}
{"timestamp": "2025-12-11T15:17:18.567952", "latency_ms": 200, "status_code": 107, "route": "/checkout"}
{"timestamp": "2025-12-11T15:17:19.058455", "latency_ms": 200, "status_code": 195, "route": "/page"}
{"timestamp": "2025-12-11T15:17:19.334571", "latency_ms": 200, "status_code": 161, "route": "/login"}
{"timestamp": "2025-12-11T15:17:19.811750", "latency_ms": 200, "status_code": 249, "route": "/search"}
{"timestamp": "2025-12-11T15:17:20.076539", "latency_ms": 200, "status_code": 234, "route": "/Home"}
{"timestamp": "2025-12-11T15:17:20.381918", "latency_ms": 200, "status_code": 202, "route": "/checkout"}
{"timestamp": "2025-12-11T15:17:20.567167", "latency_ms": 6747, "status_code": 500, "route": "/page"}
{"timestamp": "2025-12-11T15:17:20.916217", "latency_ms": 200, "status_code": 251, "route": "/search"}
{"timestamp": "2025-12-11T15:17:21.302067", "latency_ms": 200, "status_code": 198, "route": "/checkout"}
{"timestamp": "2025-12-11T15:17:21.655804", "latency_ms": 200, "status_code": 103, "route": "/search"}
{"timestamp": "2025-12-11T15:17:22.045718", "latency_ms": 200, "status_code": 300, "route": "/login"}
{"timestamp": "2025-12-11T15:17:22.526332", "latency_ms": 200, "status_code": 283, "route": "/page"}
{"timestamp": "2025-12-11T15:17:23.013523", "latency_ms": 200, "status_code": 216, "route": "/search"}
{"timestamp": "2025-12-11T15:17:23.140749", "latency_ms": 200, "status_code": 236, "route": "/Home"}
{"timestamp": "2025-12-11T15:17:23.518583", "latency_ms": 200, "status_code": 132, "route": "/page"}
{"timestamp": "2025-12-11T15:17:23.793419", "latency_ms": 200, "status_code": 276, "route": "/search"}
{"timestamp": "2025-12-11T15:17:24.210017", "latency_ms": 200, "status_code": 258, "route": "/checkout"}
{"timestamp": "2025-12-11T15:17:24.446018", "latency_ms": 200, "status_code": 209, "route": "/login"}
{"timestamp": "2025-12-11T15:17:24.784836", "latency_ms": 200, "status_code": 214, "route": "/login"}
{"timestamp": "2025-12-11T15:17:25.273907", "latency_ms": 200, "status_code": 225, "route": "/checkout"}
{"timestamp": "2025-12-11T15:17:25.746686", "latency_ms": 200, "status_code": 287, "route": "/checkout"}
{"timestamp": "2025-12-11T15:17:26.036062", "latency_ms": 200, "status_code": 208, "route": "/checkout"}
{"timestamp": "2025-12-11T15:17:26.344358", "latency_ms": 200, "status_code": 184, "route": "/search"}
{"timestamp": "2025-12-11T15:17:26.694693", "latency_ms": 200, "status_code": 189, "route": "/page"}
{"timestamp": "2025-12-11T15:17:26.835112", "latency_ms": 200, "status_code": 127, "route": "/Home"}
{"timestamp": "2025-12-11T15:17:27.261436", "latency_ms": 200, "status_code": 143, "route": "/checkout"}
{"timestamp": "2025-12-11T15:17:27.517737", "latency_ms": 200, "status_code": 157, "route": "/search"}
{"timestamp": "2025-12-11T15:17:27.985310", "latency_ms": 200, "status_code": 249, "route": "/checkout"}
{"timestamp": "2025-12-11T15:17:28.272704", "latency_ms": 200, "status_code": 190, "route": "/login"}
{"timestamp": "2025-12-11T15:17:28.480527", "latency_ms": 200, "status_code": 108, "route": "/search"}
{"timestamp": "2025-12-11T15:17:28.885485", "latency_ms": 200, "status_code": 104, "route": "/search"}
{"timestamp": "2025-12-11T15:17:29.115849", "latency_ms": 200, "status_code": 162, "route": "/Home"}
{"timestamp": "2025-12-11T15:17:29.608292", "latency_ms": 200, "status_code": 244, "route": "/page"}
{"timestamp": "2025-12-11T15:17:29.824902", "latency_ms": 200, "status_code": 210, "route": "/Home"}
{"timestamp": "2025-12-11T15:17:30.283173", "latency_ms": 200, "status_code": 280, "route": "/search"}
{"timestamp": "2025-12-11T15:17:30.532329", "latency_ms": 200, "status_code": 169, "route": "/checkout"}
{"timestamp": "2025-12-11T15:17:30.816879", "latency_ms": 200, "status_code": 165, "route": "/search"}
{"timestamp": "2025-12-11T15:17:30.967566", "latency_ms": 200, "status_code": 121, "route": "/Home"}
{"timestamp": "2025-12-11T15:17:31.325345", "latency_ms": 200, "status_code": 173, "route": "/page"}
{"timestamp": "2025-12-11T15:17:31.567691", "latency_ms": 9742, "status_code": 500, "route": "/checkout"}
{"timestamp": "2025-12-11T15:17:31.867035", "latency_ms": 200, "status_code": 147, "route": "/login"}
{"timestamp": "2025-12-11T15:17:32.013762", "latency_ms": 200, "status_code": 240, "route": "/login"}
{"timestamp": "2025-12-11T15:17:32.396009", "latency_ms": 200, "status_code": 116, "route": "/search"}
{"timestamp": "2025-12-11T15:17:32.578677", "latency_ms": 200, "status_code": 221, "route": "/page"}
{"timestamp": "2025-12-11T15:17:32.683690", "latency_ms": 200, "status_code": 129, "route": "/search"}
{"timestamp": "2025-12-11T15:17:32.997092", "latency_ms": 200, "status_code": 179, "route": "/page"}
{"timestamp": "2025-12-11T15:17:33.422272", "latency_ms": 200, "status_code": 142, "route": "/checkout"}
{"timestamp": "2025-12-11T15:17:33.544712", "latency_ms": 200, "status_code": 244, "route": "/Home"}
{"timestamp": "2025-12-11T15:17:33.982286", "latency_ms": 200, "status_code": 234, "route": "/Home"}
{"timestamp": "2025-12-11T15:17:34.133796", "latency_ms": 200, "status_code": 201, "route": "/Home"}
{"timestamp": "2025-12-11T15:17:34.435159", "latency_ms": 200, "status_code": 188, "route": "/search"}
{"timestamp": "2025-12-11T15:17:34.694855", "latency_ms": 200, "status_code": 143, "route": "/page"}
{"timestamp": "2025-12-11T15:17:34.916416", "latency_ms": 200, "status_code": 225, "route": "/search"}
{"timestamp": "2025-12-11T15:17:35.344752", "latency_ms": 200, "status_code": 285, "route": "/page"}
{"timestamp": "2025-12-11T15:17:35.524802", "latency_ms": 200, "status_code": 148, "route": "/page"}
{"timestamp": "2025-12-11T15:17:35.642671", "latency_ms": 200, "status_code": 207, "route": "/checkout"}
{"timestamp": "2025-12-11T15:17:35.766750", "latency_ms": 200, "status_code": 109, "route": "/page"}
{"timestamp": "2025-12-11T15:17:36.001296", "latency_ms": 200, "status_code": 218, "route": "/login"}
{"timestamp": "2025-12-11T15:17:36.493522", "latency_ms": 200, "status_code": 140, "route": "/search"}
{"timestamp": "2025-12-11T15:17:36.845366", "latency_ms": 200, "status_code": 287, "route": "/search"}
{"timestamp": "2025-12-11T15:17:37.288836", "latency_ms": 200, "status_code": 139, "route": "/search"}
{"timestamp": "2025-12-11T15:17:37.631134", "latency_ms": 200, "status_code": 264, "route": "/search"}
{"timestamp": "2025-12-11T15:17:37.967402", "latency_ms": 200, "status_code": 151, "route": "/search"}
{"timestamp": "2025-12-11T15:17:38.362337", "latency_ms": 200, "status_code": 200, "route": "/login"}
{"timestamp": "2025-12-11T15:17:38.789502", "latency_ms": 200, "status_code": 264, "route": "/search"}
{"timestamp": "2025-12-11T15:17:38.991842", "latency_ms": 200, "status_code": 169, "route": "/login"}
{"timestamp": "2025-12-11T15:17:39.448388", "latency_ms": 200, "status_code": 249, "route": "/Home"}
{"timestamp": "2025-12-11T15:17:39.569686", "latency_ms": 200, "status_code": 209, "route": "/login"}
{"timestamp": "2025-12-11T15:17:39.860958", "latency_ms": 200, "status_code": 259, "route": "/search"}
{"timestamp": "2025-12-11T15:17:40.274660", "latency_ms": 200, "status_code": 153, "route": "/search"}
{"timestamp": "2025-12-11T15:17:40.766844", "latency_ms": 200, "status_code": 161, "route": "/login"}
{"timestamp": "2025-12-11T15:17:41.056149", "latency_ms": 200, "status_code": 204, "route": "/Home"}
{"timestamp": "2025-12-11T15:17:41.373774", "latency_ms": 200, "status_code": 182, "route": "/search"}
{"timestamp": "2025-12-11T15:17:41.634242", "latency_ms": 200, "status_code": 148, "route": "/page"}
{"timestamp": "2025-12-11T15:17:41.899993", "latency_ms": 200, "status_code": 134, "route": "/page"}
{"timestamp": "2025-12-11T15:17:42.265195", "latency_ms": 200, "status_code": 100, "route": "/search"}
{"timestamp": "2025-12-11T15:17:42.576178", "latency_ms": 200, "status_code": 274, "route": "/search"}
{"timestamp": "2025-12-11T15:17:42.975377", "latency_ms": 200, "status_code": 284, "route": "/search"}
{"timestamp": "2025-12-11T15:17:43.430831", "latency_ms": 200, "status_code": 222, "route": "/checkout"}
{"timestamp": "2025-12-11T15:17:43.728300", "latency_ms": 200, "status_code": 211, "route": "/checkout"}
{"timestamp": "2025-12-11T15:17:44.224769", "latency_ms": 200, "status_code": 298, "route": "/login"}
{"timestamp": "2025-12-11T15:17:44.630789", "latency_ms": 200, "status_code": 191, "route": "/Home"}
{"timestamp": "2025-12-11T15:17:44.917501", "latency_ms": 200, "status_code": 139, "route": "/page"}
{"timestamp": "2025-12-11T15:17:45.074044", "latency_ms": 200, "status_code": 276, "route": "/Home"}
{"timestamp": "2025-12-11T15:17:45.411014", "latency_ms": 200, "status_code": 286, "route": "/checkout"}
{"timestamp": "2025-12-11T15:17:45.614758", "latency_ms": 200, "status_code": 255, "route": "/Home"}
{"timestamp": "2025-12-11T15:17:45.860096", "latency_ms": 200, "status_code": 249, "route": "/page"}
{"timestamp": "2025-12-11T15:17:46.132958", "latency_ms": 200, "status_code": 219, "route": "/search"}
{"timestamp": "2025-12-11T15:17:46.629688", "latency_ms": 200, "status_code": 203, "route": "/page"}
{"timestamp": "2025-12-11T15:17:47.050602", "latency_ms": 200, "status_code": 140, "route": "/Home"}
{"timestamp": "2025-12-11T15:17:47.461183", "latency_ms": 200, "status_code": 219, "route": "/checkout"}
{"timestamp": "2025-12-11T15:17:47.871847", "latency_ms": 200, "status_code": 146, "route": "/login"}
{"timestamp": "2025-12-11T15:17:48.043282", "latency_ms": 200, "status_code": 211, "route": "/checkout"}
{"timestamp": "2025-12-11T15:17:48.189895", "latency_ms": 200, "status_code": 162, "route": "/login"}
{"timestamp": "2025-12-11T15:17:48.537158", "latency_ms": 9650, "status_code": 500, "route": "/Home"}
{"timestamp": "2025-12-11T15:17:48.752419", "latency_ms": 200, "status_code": 257, "route": "/page"}
{"timestamp": "2025-12-11T15:17:49.005605", "latency_ms": 200, "status_code": 135, "route": "/checkout"}
{"timestamp": "2025-12-11T15:17:49.137275", "latency_ms": 200, "status_code": 194, "route": "/page"}
{"timestamp": "2025-12-11T15:17:49.494670", "latency_ms": 200, "status_code": 186, "route": "/login"}
{"timestamp": "2025-12-11T15:17:49.700245", "latency_ms": 200, "status_code": 213, "route": "/login"}
{"timestamp": "2025-12-11T15:17:50.017457", "latency_ms": 200, "status_code": 178, "route": "/page"}
{"timestamp": "2025-12-11T15:17:50.412254", "latency_ms": 200, "status_code": 168, "route": "/login"}
{"timestamp": "2025-12-11T15:17:50.821710", "latency_ms": 200, "status_code": 116, "route": "/page"}
{"timestamp": "2025-12-11T15:17:51.178001", "latency_ms": 200, "status_code": 265, "route": "/Home"}
{"timestamp": "2025-12-11T15:17:51.482015", "latency_ms": 200, "status_code": 227, "route": "/Home"}
{"timestamp": "2025-12-11T15:17:51.835635", "latency_ms": 200, "status_code": 143, "route": "/checkout"}
{"timestamp": "2025-12-11T15:17:52.186400", "latency_ms": 200, "status_code": 142, "route": "/page"}
{"timestamp": "2025-12-11T15:17:52.412692", "latency_ms": 200, "status_code": 215, "route": "/search"}
{"timestamp": "2025-12-11T15:17:52.592607", "latency_ms": 200, "status_code": 293, "route": "/login"}
{"timestamp": "2025-12-11T15:17:52.954761", "latency_ms": 200, "status_code": 246, "route": "/Home"}
{"timestamp": "2025-12-11T15:17:53.173576", "latency_ms": 200, "status_code": 205, "route": "/page"}
{"timestamp": "2025-12-11T15:17:53.325681", "latency_ms": 200, "status_code": 154, "route": "/Home"}
{"timestamp": "2025-12-11T15:17:53.707792", "latency_ms": 200, "status_code": 161, "route": "/checkout"}
{"timestamp": "2025-12-11T15:17:53.941296", "latency_ms": 200, "status_code": 138, "route": "/login"}
{"timestamp": "2025-12-11T15:17:54.341932", "latency_ms": 200, "status_code": 126, "route": "/search"}
{"timestamp": "2025-12-11T15:17:54.785454", "latency_ms": 200, "status_code": 169, "route": "/Home"}
{"timestamp": "2025-12-11T15:17:54.967475", "latency_ms": 200, "status_code": 253, "route": "/Home"}
{"timestamp": "2025-12-11T15:17:55.392892", "latency_ms": 200, "status_code": 139, "route": "/page"}
{"timestamp": "2025-12-11T15:17:55.823088", "latency_ms": 200, "status_code": 123, "route": "/search"}
{"timestamp": "2025-12-11T15:17:56.140418", "latency_ms": 200, "status_code": 131, "route": "/login"}
{"timestamp": "2025-12-11T15:17:56.328362", "latency_ms": 200, "status_code": 225, "route": "/page"}
{"timestamp": "2025-12-11T15:17:56.538958", "latency_ms": 200, "status_code": 256, "route": "/login"}
{"timestamp": "2025-12-11T15:17:56.800993", "latency_ms": 200, "status_code": 119, "route": "/search"}
{"timestamp": "2025-12-11T15:17:57.293297", "latency_ms": 200, "status_code": 244, "route": "/checkout"}
{"timestamp": "2025-12-11T15:17:57.681779", "latency_ms": 200, "status_code": 107, "route": "/search"}
{"timestamp": "2025-12-11T15:17:58.120962", "latency_ms": 200, "status_code": 145, "route": "/Home"}
{"timestamp": "2025-12-11T15:17:58.459681", "latency_ms": 200, "status_code": 172, "route": "/Home"}
{"timestamp": "2025-12-11T15:17:58.651928", "latency_ms": 200, "status_code": 268, "route": "/checkout"}
{"timestamp": "2025-12-11T15:17:58.965691", "latency_ms": 200, "status_code": 181, "route": "/login"}
{"timestamp": "2025-12-11T15:17:59.103881", "latency_ms": 200, "status_code": 235, "route": "/search"}
{"timestamp": "2025-12-11T15:17:59.493064", "latency_ms": 200, "status_code": 151, "route": "/checkout"}
{"timestamp": "2025-12-11T15:17:59.673684", "latency_ms": 200, "status_code": 168, "route": "/login"}
{"timestamp": "2025-12-11T15:18:00.092432", "latency_ms": 200, "status_code": 205, "route": "/Home"}
{"timestamp": "2025-12-11T15:18:00.475436", "latency_ms": 200, "status_code": 200, "route": "/search"}
{"timestamp": "2025-12-11T15:18:00.973303", "latency_ms": 200, "status_code": 226, "route": "/checkout"}
{"timestamp": "2025-12-11T15:18:01.471233", "latency_ms": 200, "status_code": 196, "route": "/page"}
{"timestamp": "2025-12-11T15:18:01.765718", "latency_ms": 200, "status_code": 260, "route": "/page"}
{"timestamp": "2025-12-11T15:18:02.090734", "latency_ms": 200, "status_code": 196, "route": "/page"}
{"timestamp": "2025-12-11T15:18:02.571541", "latency_ms": 200, "status_code": 213, "route": "/login"}
{"timestamp": "2025-12-11T15:18:02.825962", "latency_ms": 200, "status_code": 105, "route": "/login"}
{"timestamp": "2025-12-11T15:18:03.248468", "latency_ms": 200, "status_code": 219, "route": "/page"}
{"timestamp": "2025-12-11T15:18:03.581699", "latency_ms": 200, "status_code": 122, "route": "/login"}
{"timestamp": "2025-12-11T15:18:03.921386", "latency_ms": 200, "status_code": 109, "route": "/search"}
{"timestamp": "2025-12-11T15:18:04.283022", "latency_ms": 200, "status_code": 276, "route": "/page"}
{"timestamp": "2025-12-11T15:18:04.732642", "latency_ms": 200, "status_code": 109, "route": "/Home"}
{"timestamp": "2025-12-11T15:18:04.869242", "latency_ms": 200, "status_code": 214, "route": "/login"}
{"timestamp": "2025-12-11T15:18:05.244085", "latency_ms": 200, "status_code": 227, "route": "/checkout"}
{"timestamp": "2025-12-11T15:18:05.462414", "latency_ms": 200, "status_code": 255, "route": "/search"}
{"timestamp": "2025-12-11T15:18:05.598856", "latency_ms": 200, "status_code": 280, "route": "/login"}
{"timestamp": "2025-12-11T15:18:05.903504", "latency_ms": 200, "status_code": 263, "route": "/search"}
{"timestamp": "2025-12-11T15:18:06.315316", "latency_ms": 200, "status_code": 274, "route": "/search"}
{"timestamp": "2025-12-11T15:18:06.533706", "latency_ms": 200, "status_code": 131, "route": "/checkout"}
{"timestamp": "2025-12-11T15:18:07.020341", "latency_ms": 200, "status_code": 209, "route": "/page"}
{"timestamp": "2025-12-11T15:18:07.491138", "latency_ms": 200, "status_code": 138, "route": "/login"}
{"timestamp": "2025-12-11T15:18:07.724801", "latency_ms": 200, "status_code": 171, "route": "/Home"}
{"timestamp": "2025-12-11T15:18:07.949157", "latency_ms": 200, "status_code": 132, "route": "/Home"}
{"timestamp": "2025-12-11T15:18:08.369363", "latency_ms": 200, "status_code": 169, "route": "/search"}
{"timestamp": "2025-12-11T15:18:08.573799", "latency_ms": 200, "status_code": 276, "route": "/Home"}
{"timestamp": "2025-12-11T15:18:08.686233", "latency_ms": 200, "status_code": 279, "route": "/checkout"}
{"timestamp": "2025-12-11T15:18:09.149616", "latency_ms": 200, "status_code": 108, "route": "/page"}
{"timestamp": "2025-12-11T15:18:09.635069", "latency_ms": 200, "status_code": 112, "route": "/Home"}
{"timestamp": "2025-12-11T15:18:09.854784", "latency_ms": 200, "status_code": 230, "route": "/page"}
{"timestamp": "2025-12-11T15:18:10.156509", "latency_ms": 200, "status_code": 207, "route": "/login"}
{"timestamp": "2025-12-11T15:18:10.604038", "latency_ms": 200, "status_code": 272, "route": "/Home"}
{"timestamp": "2025-12-11T15:18:11.054893", "latency_ms": 200, "status_code": 288, "route": "/page"}
{"timestamp": "2025-12-11T15:18:11.312995", "latency_ms": 200, "status_code": 286, "route": "/checkout"}
{"timestamp": "2025-12-11T15:18:11.575239", "latency_ms": 200, "status_code": 268, "route": "/Home"}
{"timestamp": "2025-12-11T15:18:11.820929", "latency_ms": 200, "status_code": 200, "route": "/search"}
{"timestamp": "2025-12-11T15:18:12.309395", "latency_ms": 200, "status_code": 213, "route": "/search"}
{"timestamp": "2025-12-11T15:18:12.425208", "latency_ms": 200, "status_code": 132, "route": "/page"}
{"timestamp": "2025-12-11T15:18:12.874785", "latency_ms": 200, "status_code": 132, "route": "/login"}
{"timestamp": "2025-12-11T15:18:13.052476", "latency_ms": 200, "status_code": 173, "route": "/checkout"}
{"timestamp": "2025-12-11T15:18:13.234234", "latency_ms": 200, "status_code": 236, "route": "/Home"}
{"timestamp": "2025-12-11T15:18:13.630278", "latency_ms": 200, "status_code": 174, "route": "/search"}
{"timestamp": "2025-12-11T15:18:13.923945", "latency_ms": 200, "status_code": 193, "route": "/page"}
{"timestamp": "2025-12-11T15:18:14.336435", "latency_ms": 200, "status_code": 159, "route": "/checkout"}
{"timestamp": "2025-12-11T15:18:14.726702", "latency_ms": 200, "status_code": 178, "route": "/login"}
{"timestamp": "2025-12-11T15:18:15.106699", "latency_ms": 200, "status_code": 296, "route": "/Home"}
{"timestamp": "2025-12-11T15:18:15.481906", "latency_ms": 200, "status_code": 195, "route": "/Home"}
{"timestamp": "2025-12-11T15:18:15.750674", "latency_ms": 200, "status_code": 104, "route": "/Home"}
{"timestamp": "2025-12-11T15:18:15.937020", "latency_ms": 200, "status_code": 155, "route": "/page"}
{"timestamp": "2025-12-11T15:18:16.282456", "latency_ms": 9378, "status_code": 500, "route": "/search"}
{"timestamp": "2025-12-11T15:18:16.680284", "latency_ms": 200, "status_code": 249, "route": "/page"}
{"timestamp": "2025-12-11T15:18:16.943643", "latency_ms": 200, "status_code": 237, "route": "/Home"}
{"timestamp": "2025-12-11T15:18:17.233517", "latency_ms": 200, "status_code": 148, "route": "/login"}
{"timestamp": "2025-12-11T15:18:17.400705", "latency_ms": 200, "status_code": 238, "route": "/checkout"}
{"timestamp": "2025-12-11T15:18:17.866672", "latency_ms": 200, "status_code": 155, "route": "/login"}
{"timestamp": "2025-12-11T15:18:18.139093", "latency_ms": 200, "status_code": 287, "route": "/Home"}
{"timestamp": "2025-12-11T15:18:18.606454", "latency_ms": 200, "status_code": 118, "route": "/search"}
{"timestamp": "2025-12-11T15:18:18.864863", "latency_ms": 200, "status_code": 188, "route": "/checkout"}
{"timestamp": "2025-12-11T15:18:19.256645", "latency_ms": 200, "status_code": 263, "route": "/Home"}
{"timestamp": "2025-12-11T15:18:19.584955", "latency_ms": 200, "status_code": 110, "route": "/page"}
{"timestamp": "2025-12-11T15:18:19.715926", "latency_ms": 200, "status_code": 199, "route": "/Home"}
{"timestamp": "2025-12-11T15:18:20.002514", "latency_ms": 200, "status_code": 254, "route": "/search"}
{"timestamp": "2025-12-11T15:18:20.128882", "latency_ms": 200, "status_code": 208, "route": "/login"}
{"timestamp": "2025-12-11T15:18:20.260348", "latency_ms": 200, "status_code": 141, "route": "/search"}
{"timestamp": "2025-12-11T15:18:20.522555", "latency_ms": 200, "status_code": 255, "route": "/login"}
{"timestamp": "2025-12-11T15:18:20.968598", "latency_ms": 200, "status_code": 237, "route": "/Home"}
{"timestamp": "2025-12-11T15:18:21.382427", "latency_ms": 200, "status_code": 187, "route": "/page"}
{"timestamp": "2025-12-11T15:18:21.747585", "latency_ms": 200, "status_code": 260, "route": "/page"}
{"timestamp": "2025-12-11T15:18:21.876218", "latency_ms": 200, "status_code": 121, "route": "/page"}
{"timestamp": "2025-12-11T15:18:22.342989", "latency_ms": 200, "status_code": 151, "route": "/page"}
{"timestamp": "2025-12-11T15:18:22.464353", "latency_ms": 200, "status_code": 214, "route": "/checkout"}
{"timestamp": "2025-12-11T15:18:22.914397", "latency_ms": 200, "status_code": 151, "route": "/Home"}
{"timestamp": "2025-12-11T15:18:23.148619", "latency_ms": 200, "status_code": 118, "route": "/Home"}
{"timestamp": "2025-12-11T15:18:23.645392", "latency_ms": 200, "status_code": 269, "route": "/page"}
{"timestamp": "2025-12-11T15:18:23.899988", "latency_ms": 200, "status_code": 242, "route": "/page"}
{"timestamp": "2025-12-11T15:18:24.226290", "latency_ms": 7005, "status_code": 500, "route": "/page"}
{"timestamp": "2025-12-11T15:18:24.634321", "latency_ms": 200, "status_code": 156, "route": "/checkout"}
{"timestamp": "2025-12-11T15:18:24.900223", "latency_ms": 200, "status_code": 153, "route": "/page"}
{"timestamp": "2025-12-11T15:18:25.140086", "latency_ms": 200, "status_code": 262, "route": "/search"}
{"timestamp": "2025-12-11T15:18:25.321580", "latency_ms": 200, "status_code": 285, "route": "/search"}
{"timestamp": "2025-12-11T15:18:25.689106", "latency_ms": 200, "status_code": 209, "route": "/page"}
{"timestamp": "2025-12-11T15:18:25.934646", "latency_ms": 200, "status_code": 149, "route": "/Home"}
{"timestamp": "2025-12-11T15:18:26.413995", "latency_ms": 200, "status_code": 207, "route": "/page"}
{"timestamp": "2025-12-11T15:18:26.677947", "latency_ms": 200, "status_code": 119, "route": "/checkout"}
{"timestamp": "2025-12-11T15:18:27.178248", "latency_ms": 200, "status_code": 161, "route": "/checkout"}
{"timestamp": "2025-12-11T15:18:27.405438", "latency_ms": 200, "status_code": 200, "route": "/Home"}
{"timestamp": "2025-12-11T15:18:27.767797", "latency_ms": 200, "status_code": 115, "route": "/login"}
{"timestamp": "2025-12-11T15:18:28.250916", "latency_ms": 200, "status_code": 272, "route": "/search"}
{"timestamp": "2025-12-11T15:18:28.413429", "latency_ms": 200, "status_code": 141, "route": "/page"}
{"timestamp": "2025-12-11T15:18:28.846990", "latency_ms": 200, "status_code": 128, "route": "/checkout"}
{"timestamp": "2025-12-11T15:18:29.285479", "latency_ms": 200, "status_code": 187, "route": "/search"}
{"timestamp": "2025-12-11T15:18:29.629831", "latency_ms": 200, "status_code": 274, "route": "/login"}
{"timestamp": "2025-12-11T15:18:29.945389", "latency_ms": 200, "status_code": 136, "route": "/login"}
{"timestamp": "2025-12-11T15:18:30.133861", "latency_ms": 200, "status_code": 190, "route": "/Home"}
{"timestamp": "2025-12-11T15:18:30.527821", "latency_ms": 200, "status_code": 209, "route": "/checkout"}
{"timestamp": "2025-12-11T15:18:30.973624", "latency_ms": 200, "status_code": 190, "route": "/checkout"}
{"timestamp": "2025-12-11T15:18:31.113329", "latency_ms": 200, "status_code": 104, "route": "/checkout"}
{"timestamp": "2025-12-11T15:18:31.304262", "latency_ms": 200, "status_code": 161, "route": "/page"}
{"timestamp": "2025-12-11T15:18:31.458133", "latency_ms": 200, "status_code": 285, "route": "/login"}
{"timestamp": "2025-12-11T15:18:31.708061", "latency_ms": 200, "status_code": 186, "route": "/Home"}
{"timestamp": "2025-12-11T15:18:31.853459", "latency_ms": 200, "status_code": 192, "route": "/page"}
{"timestamp": "2025-12-11T15:18:32.074965", "latency_ms": 5048, "status_code": 500, "route": "/page"}
{"timestamp": "2025-12-11T15:18:32.488662", "latency_ms": 200, "status_code": 120, "route": "/search"}
{"timestamp": "2025-12-11T15:18:32.659544", "latency_ms": 8149, "status_code": 500, "route": "/login"}
{"timestamp": "2025-12-11T15:18:33.096823", "latency_ms": 200, "status_code": 136, "route": "/page"}
{"timestamp": "2025-12-11T15:18:33.287871", "latency_ms": 200, "status_code": 145, "route": "/login"}
{"timestamp": "2025-12-11T15:18:33.532527", "latency_ms": 200, "status_code": 256, "route": "/login"}
{"timestamp": "2025-12-11T15:18:34.026881", "latency_ms": 200, "status_code": 152, "route": "/checkout"}
{"timestamp": "2025-12-11T15:18:34.430218", "latency_ms": 200, "status_code": 176, "route": "/checkout"}
{"timestamp": "2025-12-11T15:18:34.575250", "latency_ms": 200, "status_code": 221, "route": "/page"}
{"timestamp": "2025-12-11T15:18:34.897432", "latency_ms": 200, "status_code": 201, "route": "/page"}
{"timestamp": "2025-12-11T15:18:35.279449", "latency_ms": 200, "status_code": 160, "route": "/checkout"}
{"timestamp": "2025-12-11T15:18:35.776275", "latency_ms": 7920, "status_code": 500, "route": "/login"}
{"timestamp": "2025-12-11T15:18:35.948122", "latency_ms": 200, "status_code": 206, "route": "/login"}
{"timestamp": "2025-12-11T15:18:36.053965", "latency_ms": 200, "status_code": 248, "route": "/Home"}
{"timestamp": "2025-12-11T15:18:36.259575", "latency_ms": 200, "status_code": 184, "route": "/Home"}
{"timestamp": "2025-12-11T15:18:36.663165", "latency_ms": 6772, "status_code": 500, "route": "/login"}
{"timestamp": "2025-12-11T15:18:36.948789", "latency_ms": 200, "status_code": 163, "route": "/checkout"}
{"timestamp": "2025-12-11T15:18:37.144198", "latency_ms": 200, "status_code": 118, "route": "/Home"}
{"timestamp": "2025-12-11T15:18:37.484987", "latency_ms": 200, "status_code": 212, "route": "/search"}
{"timestamp": "2025-12-11T15:18:37.729587", "latency_ms": 200, "status_code": 237, "route": "/Home"}
{"timestamp": "2025-12-11T15:18:38.129200", "latency_ms": 200, "status_code": 128, "route": "/login"}
{"timestamp": "2025-12-11T15:18:38.574786", "latency_ms": 200, "status_code": 232, "route": "/page"}
{"timestamp": "2025-12-11T15:18:38.702642", "latency_ms": 200, "status_code": 112, "route": "/Home"}
{"timestamp": "2025-12-11T15:18:39.155368", "latency_ms": 200, "status_code": 239, "route": "/checkout"}
{"timestamp": "2025-12-11T15:18:39.266377", "latency_ms": 200, "status_code": 274, "route": "/login"}
{"timestamp": "2025-12-11T15:18:39.573719", "latency_ms": 200, "status_code": 292, "route": "/Home"}
{"timestamp": "2025-12-11T15:18:39.837836", "latency_ms": 200, "status_code": 114, "route": "/login"}
{"timestamp": "2025-12-11T15:18:40.042570", "latency_ms": 200, "status_code": 292, "route": "/login"}
{"timestamp": "2025-12-11T15:18:40.213468", "latency_ms": 200, "status_code": 132, "route": "/checkout"}
{"timestamp": "2025-12-11T15:18:40.335176", "latency_ms": 200, "status_code": 216, "route": "/search"}
{"timestamp": "2025-12-11T15:18:40.676628", "latency_ms": 200, "status_code": 278, "route": "/login"}
{"timestamp": "2025-12-11T15:18:40.817981", "latency_ms": 200, "status_code": 109, "route": "/page"}
{"timestamp": "2025-12-11T15:18:41.219759", "latency_ms": 200, "status_code": 114, "route": "/Home"}
{"timestamp": "2025-12-11T15:18:41.587920", "latency_ms": 200, "status_code": 247, "route": "/Home"}
{"timestamp": "2025-12-11T15:18:41.726507", "latency_ms": 200, "status_code": 113, "route": "/page"}
{"timestamp": "2025-12-11T15:18:41.974515", "latency_ms": 200, "status_code": 200, "route": "/page"}
{"timestamp": "2025-12-11T15:18:42.125367", "latency_ms": 200, "status_code": 285, "route": "/checkout"}
{"timestamp": "2025-12-11T15:18:42.587975", "latency_ms": 200, "status_code": 136, "route": "/search"}
{"timestamp": "2025-12-11T15:18:43.014612", "latency_ms": 200, "status_code": 240, "route": "/login"}
{"timestamp": "2025-12-11T15:18:43.378868", "latency_ms": 200, "status_code": 222, "route": "/login"}
{"timestamp": "2025-12-11T15:18:43.781108", "latency_ms": 200, "status_code": 295, "route": "/page"}
{"timestamp": "2025-12-11T15:18:43.971079", "latency_ms": 200, "status_code": 194, "route": "/checkout"}
{"timestamp": "2025-12-11T15:18:44.091101", "latency_ms": 200, "status_code": 233, "route": "/Home"}
{"timestamp": "2025-12-11T15:18:44.424300", "latency_ms": 200, "status_code": 158, "route": "/login"}
{"timestamp": "2025-12-11T15:18:44.611618", "latency_ms": 200, "status_code": 299, "route": "/search"}
{"timestamp": "2025-12-11T15:18:44.934437", "latency_ms": 200, "status_code": 148, "route": "/checkout"}
{"timestamp": "2025-12-11T15:18:45.371881", "latency_ms": 200, "status_code": 199, "route": "/search"}
{"timestamp": "2025-12-11T15:18:45.600222", "latency_ms": 200, "status_code": 252, "route": "/login"}
{"timestamp": "2025-12-11T15:18:45.893641", "latency_ms": 200, "status_code": 272, "route": "/login"}
{"timestamp": "2025-12-11T15:18:46.249123", "latency_ms": 200, "status_code": 192, "route": "/Home"}
{"timestamp": "2025-12-11T15:18:46.594384", "latency_ms": 200, "status_code": 184, "route": "/checkout"}
{"timestamp": "2025-12-11T15:18:46.729431", "latency_ms": 200, "status_code": 149, "route": "/checkout"}
{"timestamp": "2025-12-11T15:18:47.078301", "latency_ms": 200, "status_code": 277, "route": "/search"}
{"timestamp": "2025-12-11T15:18:47.459884", "latency_ms": 200, "status_code": 163, "route": "/page"}
{"timestamp": "2025-12-11T15:18:47.916252", "latency_ms": 200, "status_code": 170, "route": "/search"}
{"timestamp": "2025-12-11T15:18:48.098888", "latency_ms": 200, "status_code": 184, "route": "/checkout"}
{"timestamp": "2025-12-11T15:18:48.472644", "latency_ms": 200, "status_code": 139, "route": "/search"}
{"timestamp": "2025-12-11T15:18:48.936667", "latency_ms": 200, "status_code": 190, "route": "/search"}
{"timestamp": "2025-12-11T15:18:49.212824", "latency_ms": 200, "status_code": 238, "route": "/checkout"}
{"timestamp": "2025-12-11T15:18:49.541427", "latency_ms": 200, "status_code": 105, "route": "/page"}
{"timestamp": "2025-12-11T15:18:49.932092", "latency_ms": 200, "status_code": 242, "route": "/checkout"}
{"timestamp": "2025-12-11T15:18:50.352075", "latency_ms": 200, "status_code": 118, "route": "/Home"}
{"timestamp": "2025-12-11T15:18:50.523054", "latency_ms": 8351, "status_code": 500, "route": "/login"}
{"timestamp": "2025-12-11T15:18:50.658270", "latency_ms": 200, "status_code": 253, "route": "/Home"}
{"timestamp": "2025-12-11T15:18:50.931639", "latency_ms": 200, "status_code": 148, "route": "/search"}
{"timestamp": "2025-12-11T15:18:51.432215", "latency_ms": 200, "status_code": 143, "route": "/login"}
{"timestamp": "2025-12-11T15:18:51.699256", "latency_ms": 200, "status_code": 252, "route": "/search"}
{"timestamp": "2025-12-11T15:18:52.131326", "latency_ms": 200, "status_code": 220, "route": "/login"}
{"timestamp": "2025-12-11T15:18:52.466719", "latency_ms": 200, "status_code": 282, "route": "/checkout"}
{"timestamp": "2025-12-11T15:18:52.797023", "latency_ms": 200, "status_code": 252, "route": "/search"}
{"timestamp": "2025-12-11T15:18:52.932689", "latency_ms": 200, "status_code": 220, "route": "/page"}
{"timestamp": "2025-12-11T15:18:53.141931", "latency_ms": 200, "status_code": 226, "route": "/checkout"}
{"timestamp": "2025-12-11T15:18:53.519212", "latency_ms": 200, "status_code": 110, "route": "/login"}
{"timestamp": "2025-12-11T15:18:53.651196", "latency_ms": 200, "status_code": 117, "route": "/login"}
{"timestamp": "2025-12-11T15:18:54.095447", "latency_ms": 200, "status_code": 145, "route": "/checkout"}
{"timestamp": "2025-12-11T15:18:54.272663", "latency_ms": 200, "status_code": 130, "route": "/search"}
{"timestamp": "2025-12-11T15:18:54.581449", "latency_ms": 200, "status_code": 293, "route": "/Home"}
{"timestamp": "2025-12-11T15:18:54.817832", "latency_ms": 200, "status_code": 233, "route": "/page"}
{"timestamp": "2025-12-11T15:18:55.177901", "latency_ms": 200, "status_code": 111, "route": "/checkout"}
{"timestamp": "2025-12-11T15:18:55.650780", "latency_ms": 200, "status_code": 176, "route": "/page"}
{"timestamp": "2025-12-11T15:18:55.818732", "latency_ms": 200, "status_code": 142, "route": "/login"}
{"timestamp": "2025-12-11T15:18:56.111883", "latency_ms": 200, "status_code": 202, "route": "/login"}
{"timestamp": "2025-12-11T15:18:56.312277", "latency_ms": 200, "status_code": 158, "route": "/page"}
{"timestamp": "2025-12-11T15:18:56.444771", "latency_ms": 200, "status_code": 232, "route": "/checkout"}
{"timestamp": "2025-12-11T15:18:56.711203", "latency_ms": 200, "status_code": 131, "route": "/search"}
{"timestamp": "2025-12-11T15:18:56.868693", "latency_ms": 200, "status_code": 195, "route": "/search"}
{"timestamp": "2025-12-11T15:18:57.129276", "latency_ms": 200, "status_code": 285, "route": "/search"}
{"timestamp": "2025-12-11T15:18:57.326148", "latency_ms": 200, "status_code": 164, "route": "/search"}
{"timestamp": "2025-12-11T15:18:57.535224", "latency_ms": 200, "status_code": 289, "route": "/page"}
{"timestamp": "2025-12-11T15:18:57.640951", "latency_ms": 200, "status_code": 264, "route": "/login"}
{"timestamp": "2025-12-11T15:18:57.769232", "latency_ms": 200, "status_code": 240, "route": "/login"}
{"timestamp": "2025-12-11T15:18:58.000946", "latency_ms": 5797, "status_code": 500, "route": "/checkout"}
{"timestamp": "2025-12-11T15:18:58.292928", "latency_ms": 200, "status_code": 264, "route": "/page"}
{"timestamp": "2025-12-11T15:18:58.544316", "latency_ms": 200, "status_code": 227, "route": "/login"}
{"timestamp": "2025-12-11T15:18:58.908032", "latency_ms": 200, "status_code": 291, "route": "/search"}
{"timestamp": "2025-12-11T15:18:59.367546", "latency_ms": 200, "status_code": 205, "route": "/Home"}
{"timestamp": "2025-12-11T15:18:59.763742", "latency_ms": 200, "status_code": 171, "route": "/Home"}
{"timestamp": "2025-12-11T15:19:00.203423", "latency_ms": 200, "status_code": 293, "route": "/page"}
{"timestamp": "2025-12-11T15:19:00.413190", "latency_ms": 200, "status_code": 253, "route": "/checkout"}
{"timestamp": "2025-12-11T15:19:00.878934", "latency_ms": 200, "status_code": 124, "route": "/login"}
{"timestamp": "2025-12-11T15:19:01.202329", "latency_ms": 200, "status_code": 283, "route": "/login"}
{"timestamp": "2025-12-11T15:19:01.485368", "latency_ms": 200, "status_code": 251, "route": "/search"}
{"timestamp": "2025-12-11T15:19:01.639108", "latency_ms": 200, "status_code": 144, "route": "/login"}
{"timestamp": "2025-12-11T15:19:01.957207", "latency_ms": 200, "status_code": 181, "route": "/page"}
{"timestamp": "2025-12-11T15:19:02.288619", "latency_ms": 200, "status_code": 211, "route": "/login"}
{"timestamp": "2025-12-11T15:19:02.654458", "latency_ms": 200, "status_code": 264, "route": "/page"}
{"timestamp": "2025-12-11T15:19:02.906879", "latency_ms": 200, "status_code": 107, "route": "/Home"}
{"timestamp": "2025-12-11T15:19:03.181500", "latency_ms": 200, "status_code": 207, "route": "/checkout"}
{"timestamp": "2025-12-11T15:19:03.465504", "latency_ms": 200, "status_code": 255, "route": "/Home"}
{"timestamp": "2025-12-11T15:19:03.755629", "latency_ms": 200, "status_code": 137, "route": "/Home"}
{"timestamp": "2025-12-11T15:19:04.108300", "latency_ms": 200, "status_code": 157, "route": "/page"}
{"timestamp": "2025-12-11T15:19:04.372738", "latency_ms": 200, "status_code": 143, "route": "/page"}
{"timestamp": "2025-12-11T15:19:04.761279", "latency_ms": 200, "status_code": 230, "route": "/Home"}
{"timestamp": "2025-12-11T15:19:05.058752", "latency_ms": 200, "status_code": 134, "route": "/Home"}
{"timestamp": "2025-12-11T15:19:05.215667", "latency_ms": 200, "status_code": 131, "route": "/page"}
{"timestamp": "2025-12-11T15:19:05.379822", "latency_ms": 200, "status_code": 292, "route": "/Home"}
{"timestamp": "2025-12-11T15:19:05.675433", "latency_ms": 200, "status_code": 244, "route": "/page"}
{"timestamp": "2025-12-11T15:19:06.020435", "latency_ms": 200, "status_code": 188, "route": "/login"}
{"timestamp": "2025-12-11T15:19:06.200005", "latency_ms": 200, "status_code": 144, "route": "/checkout"}
{"timestamp": "2025-12-11T15:19:06.528086", "latency_ms": 200, "status_code": 106, "route": "/Home"}
{"timestamp": "2025-12-11T15:19:06.848419", "latency_ms": 200, "status_code": 109, "route": "/page"}
{"timestamp": "2025-12-11T15:19:07.303356", "latency_ms": 200, "status_code": 122, "route": "/search"}
{"timestamp": "2025-12-11T15:19:07.583630", "latency_ms": 200, "status_code": 281, "route": "/checkout"}
{"timestamp": "2025-12-11T15:19:07.724947", "latency_ms": 200, "status_code": 188, "route": "/login"}
{"timestamp": "2025-12-11T15:19:08.163795", "latency_ms": 200, "status_code": 274, "route": "/search"}
{"timestamp": "2025-12-11T15:19:08.505535", "latency_ms": 9343, "status_code": 500, "route": "/Home"}
{"timestamp": "2025-12-11T15:19:08.680431", "latency_ms": 200, "status_code": 187, "route": "/login"}
{"timestamp": "2025-12-11T15:19:09.133471", "latency_ms": 200, "status_code": 142, "route": "/checkout"}
{"timestamp": "2025-12-11T15:19:09.494473", "latency_ms": 200, "status_code": 265, "route": "/search"}
{"timestamp": "2025-12-11T15:19:09.962095", "latency_ms": 200, "status_code": 290, "route": "/login"}
{"timestamp": "2025-12-11T15:19:10.366599", "latency_ms": 200, "status_code": 160, "route": "/Home"}
{"timestamp": "2025-12-11T15:19:10.821038", "latency_ms": 200, "status_code": 207, "route": "/checkout"}
{"timestamp": "2025-12-11T15:19:10.988503", "latency_ms": 200, "status_code": 171, "route": "/login"}
{"timestamp": "2025-12-11T15:19:11.402488", "latency_ms": 200, "status_code": 134, "route": "/page"}
{"timestamp": "2025-12-11T15:19:11.603619", "latency_ms": 200, "status_code": 142, "route": "/login"}
{"timestamp": "2025-12-11T15:19:11.991374", "latency_ms": 200, "status_code": 208, "route": "/Home"}
{"timestamp": "2025-12-11T15:19:12.249610", "latency_ms": 200, "status_code": 275, "route": "/search"}
{"timestamp": "2025-12-11T15:19:12.572922", "latency_ms": 200, "status_code": 221, "route": "/search"}
{"timestamp": "2025-12-11T15:19:13.022330", "latency_ms": 200, "status_code": 228, "route": "/checkout"}
{"timestamp": "2025-12-11T15:19:13.300378", "latency_ms": 200, "status_code": 228, "route": "/search"}
{"timestamp": "2025-12-11T15:19:13.692044", "latency_ms": 8851, "status_code": 500, "route": "/checkout"}
{"timestamp": "2025-12-11T15:19:14.157310", "latency_ms": 200, "status_code": 287, "route": "/login"}
{"timestamp": "2025-12-11T15:19:14.537703", "latency_ms": 200, "status_code": 180, "route": "/search"}
{"timestamp": "2025-12-11T15:19:14.964209", "latency_ms": 200, "status_code": 137, "route": "/Home"}
{"timestamp": "2025-12-11T15:19:15.217332", "latency_ms": 200, "status_code": 185, "route": "/login"}
{"timestamp": "2025-12-11T15:19:15.666679", "latency_ms": 200, "status_code": 300, "route": "/page"}
{"timestamp": "2025-12-11T15:19:15.999630", "latency_ms": 200, "status_code": 206, "route": "/page"}
{"timestamp": "2025-12-11T15:19:16.348033", "latency_ms": 200, "status_code": 108, "route": "/login"}
{"timestamp": "2025-12-11T15:19:16.568401", "latency_ms": 200, "status_code": 112, "route": "/login"}
{"timestamp": "2025-12-11T15:19:16.671165", "latency_ms": 200, "status_code": 286, "route": "/page"}
{"timestamp": "2025-12-11T15:19:17.094247", "latency_ms": 200, "status_code": 107, "route": "/Home"}
{"timestamp": "2025-12-11T15:19:17.371487", "latency_ms": 200, "status_code": 147, "route": "/login"}
{"timestamp": "2025-12-11T15:19:17.860827", "latency_ms": 200, "status_code": 247, "route": "/login"}
{"timestamp": "2025-12-11T15:19:18.203289", "latency_ms": 200, "status_code": 139, "route": "/login"}
{"timestamp": "2025-12-11T15:19:18.412607", "latency_ms": 200, "status_code": 186, "route": "/page"}
{"timestamp": "2025-12-11T15:19:18.666102", "latency_ms": 200, "status_code": 236, "route": "/checkout"}
{"timestamp": "2025-12-11T15:19:18.988208", "latency_ms": 200, "status_code": 215, "route": "/search"}
{"timestamp": "2025-12-11T15:19:19.281975", "latency_ms": 200, "status_code": 159, "route": "/search"}
{"timestamp": "2025-12-11T15:19:19.509197", "latency_ms": 200, "status_code": 239, "route": "/Home"}
{"timestamp": "2025-12-11T15:19:19.972796", "latency_ms": 200, "status_code": 110, "route": "/search"}
{"timestamp": "2025-12-11T15:19:20.406921", "latency_ms": 200, "status_code": 156, "route": "/login"}
{"timestamp": "2025-12-11T15:19:20.698589", "latency_ms": 200, "status_code": 193, "route": "/Home"}
{"timestamp": "2025-12-11T15:19:20.821055", "latency_ms": 200, "status_code": 173, "route": "/checkout"}
{"timestamp": "2025-12-11T15:19:21.070877", "latency_ms": 200, "status_code": 101, "route": "/Home"}
{"timestamp": "2025-12-11T15:19:21.408826", "latency_ms": 6896, "status_code": 500, "route": "/checkout"}
{"timestamp": "2025-12-11T15:19:21.821526", "latency_ms": 200, "status_code": 261, "route": "/page"}
{"timestamp": "2025-12-11T15:19:22.230187", "latency_ms": 200, "status_code": 262, "route": "/search"}
{"timestamp": "2025-12-11T15:19:22.686943", "latency_ms": 200, "status_code": 159, "route": "/login"}
{"timestamp": "2025-12-11T15:19:22.940643", "latency_ms": 200, "status_code": 116, "route": "/page"}
{"timestamp": "2025-12-11T15:19:23.150001", "latency_ms": 200, "status_code": 279, "route": "/Home"}
{"timestamp": "2025-12-11T15:19:23.511788", "latency_ms": 200, "status_code": 206, "route": "/Home"}
{"timestamp": "2025-12-11T15:19:23.709548", "latency_ms": 200, "status_code": 140, "route": "/login"}
{"timestamp": "2025-12-11T15:19:24.067508", "latency_ms": 200, "status_code": 244, "route": "/checkout"}
{"timestamp": "2025-12-11T15:19:24.359487", "latency_ms": 200, "status_code": 144, "route": "/login"}
{"timestamp": "2025-12-11T15:19:24.679994", "latency_ms": 200, "status_code": 281, "route": "/login"}
{"timestamp": "2025-12-11T15:19:25.035333", "latency_ms": 200, "status_code": 143, "route": "/Home"}
{"timestamp": "2025-12-11T15:19:25.194184", "latency_ms": 200, "status_code": 117, "route": "/Home"}
{"timestamp": "2025-12-11T15:19:25.507084", "latency_ms": 200, "status_code": 146, "route": "/Home"}
{"timestamp": "2025-12-11T15:19:25.989453", "latency_ms": 200, "status_code": 287, "route": "/page"}
{"timestamp": "2025-12-11T15:19:26.178190", "latency_ms": 200, "status_code": 253, "route": "/Home"}
{"timestamp": "2025-12-11T15:19:26.515568", "latency_ms": 200, "status_code": 166, "route": "/search"}
{"timestamp": "2025-12-11T15:19:26.776064", "latency_ms": 200, "status_code": 188, "route": "/search"}
{"timestamp": "2025-12-11T15:19:27.010747", "latency_ms": 200, "status_code": 197, "route": "/login"}
{"timestamp": "2025-12-11T15:19:27.190780", "latency_ms": 200, "status_code": 159, "route": "/page"}
{"timestamp": "2025-12-11T15:19:27.436594", "latency_ms": 200, "status_code": 164, "route": "/search"}
{"timestamp": "2025-12-11T15:19:27.768336", "latency_ms": 200, "status_code": 140, "route": "/search"}
{"timestamp": "2025-12-11T15:19:28.135115", "latency_ms": 200, "status_code": 260, "route": "/login"}
{"timestamp": "2025-12-11T15:19:28.339688", "latency_ms": 200, "status_code": 280, "route": "/Home"}
{"timestamp": "2025-12-11T15:19:28.549028", "latency_ms": 200, "status_code": 282, "route": "/search"}
{"timestamp": "2025-12-11T15:19:28.872217", "latency_ms": 200, "status_code": 164, "route": "/Home"}
{"timestamp": "2025-12-11T15:19:28.984414", "latency_ms": 200, "status_code": 224, "route": "/login"}
{"timestamp": "2025-12-11T15:19:29.106209", "latency_ms": 200, "status_code": 141, "route": "/login"}
{"timestamp": "2025-12-11T15:19:29.572234", "latency_ms": 200, "status_code": 240, "route": "/search"}
{"timestamp": "2025-12-11T15:19:29.849370", "latency_ms": 200, "status_code": 184, "route": "/Home"}
{"timestamp": "2025-12-11T15:19:30.252424", "latency_ms": 200, "status_code": 231, "route": "/search"}
{"timestamp": "2025-12-11T15:19:30.503482", "latency_ms": 200, "status_code": 114, "route": "/page"}
{"timestamp": "2025-12-11T15:19:30.979037", "latency_ms": 200, "status_code": 146, "route": "/Home"}
{"timestamp": "2025-12-11T15:19:31.436680", "latency_ms": 200, "status_code": 144, "route": "/login"}
{"timestamp": "2025-12-11T15:19:31.896184", "latency_ms": 200, "status_code": 259, "route": "/Home"}
{"timestamp": "2025-12-11T15:19:32.027407", "latency_ms": 6255, "status_code": 500, "route": "/page"}
{"timestamp": "2025-12-11T15:19:32.269558", "latency_ms": 200, "status_code": 255, "route": "/checkout"}
{"timestamp": "2025-12-11T15:19:32.683434", "latency_ms": 200, "status_code": 238, "route": "/Home"}
{"timestamp": "2025-12-11T15:19:32.787341", "latency_ms": 200, "status_code": 157, "route": "/page"}
{"timestamp": "2025-12-11T15:19:33.111864", "latency_ms": 200, "status_code": 289, "route": "/Home"}
{"timestamp": "2025-12-11T15:19:33.471925", "latency_ms": 200, "status_code": 129, "route": "/page"}
{"timestamp": "2025-12-11T15:19:33.596345", "latency_ms": 200, "status_code": 198, "route": "/login"}
{"timestamp": "2025-12-11T15:19:34.072392", "latency_ms": 200, "status_code": 266, "route": "/Home"}
{"timestamp": "2025-12-11T15:19:34.497366", "latency_ms": 200, "status_code": 141, "route": "/Home"}
{"timestamp": "2025-12-11T15:19:34.774210", "latency_ms": 200, "status_code": 274, "route": "/login"}
{"timestamp": "2025-12-11T15:19:35.244627", "latency_ms": 200, "status_code": 144, "route": "/login"}
{"timestamp": "2025-12-11T15:19:35.510135", "latency_ms": 200, "status_code": 263, "route": "/login"}
{"timestamp": "2025-12-11T15:19:35.929954", "latency_ms": 200, "status_code": 102, "route": "/login"}
{"timestamp": "2025-12-11T15:19:36.422212", "latency_ms": 200, "status_code": 164, "route": "/Home"}
{"timestamp": "2025-12-11T15:19:36.784953", "latency_ms": 200, "status_code": 154, "route": "/Home"}
{"timestamp": "2025-12-11T15:19:37.226012", "latency_ms": 200, "status_code": 162, "route": "/checkout"}
{"timestamp": "2025-12-11T15:19:37.604306", "latency_ms": 200, "status_code": 241, "route": "/page"}
{"timestamp": "2025-12-11T15:19:37.877723", "latency_ms": 200, "status_code": 280, "route": "/Home"}
{"timestamp": "2025-12-11T15:19:38.215745", "latency_ms": 200, "status_code": 268, "route": "/page"}
{"timestamp": "2025-12-11T15:19:38.443427", "latency_ms": 200, "status_code": 191, "route": "/search"}
{"timestamp": "2025-12-11T15:19:38.940403", "latency_ms": 200, "status_code": 184, "route": "/search"}
{"timestamp": "2025-12-11T15:19:39.246974", "latency_ms": 200, "status_code": 233, "route": "/checkout"}
{"timestamp": "2025-12-11T15:19:39.744456", "latency_ms": 200, "status_code": 149, "route": "/checkout"}
{"timestamp": "2025-12-11T15:19:40.087474", "latency_ms": 200, "status_code": 261, "route": "/Home"}
{"timestamp": "2025-12-11T15:19:40.499743", "latency_ms": 200, "status_code": 169, "route": "/Home"}
{"timestamp": "2025-12-11T15:19:40.810165", "latency_ms": 200, "status_code": 239, "route": "/login"}
{"timestamp": "2025-12-11T15:19:41.266169", "latency_ms": 200, "status_code": 219, "route": "/search"}
{"timestamp": "2025-12-11T15:19:41.686947", "latency_ms": 200, "status_code": 197, "route": "/login"}
{"timestamp": "2025-12-11T15:19:42.165321", "latency_ms": 200, "status_code": 202, "route": "/search"}
{"timestamp": "2025-12-11T15:19:42.640658", "latency_ms": 200, "status_code": 237, "route": "/Home"}
{"timestamp": "2025-12-11T15:19:43.071305", "latency_ms": 200, "status_code": 259, "route": "/search"}
{"timestamp": "2025-12-11T15:19:43.262412", "latency_ms": 200, "status_code": 228, "route": "/login"}
{"timestamp": "2025-12-11T15:19:43.732171", "latency_ms": 200, "status_code": 261, "route": "/Home"}
{"timestamp": "2025-12-11T15:19:43.872628", "latency_ms": 200, "status_code": 277, "route": "/page"}
{"timestamp": "2025-12-11T15:19:43.993122", "latency_ms": 200, "status_code": 200, "route": "/page"}
{"timestamp": "2025-12-11T15:19:44.196319", "latency_ms": 200, "status_code": 118, "route": "/page"}
{"timestamp": "2025-12-11T15:19:44.324426", "latency_ms": 200, "status_code": 106, "route": "/page"}
{"timestamp": "2025-12-11T15:19:44.748327", "latency_ms": 200, "status_code": 298, "route": "/checkout"}
{"timestamp": "2025-12-11T15:19:45.178751", "latency_ms": 200, "status_code": 224, "route": "/login"}
{"timestamp": "2025-12-11T15:19:45.383575", "latency_ms": 200, "status_code": 272, "route": "/checkout"}
{"timestamp": "2025-12-11T15:19:45.792804", "latency_ms": 200, "status_code": 254, "route": "/page"}
{"timestamp": "2025-12-11T15:19:45.913344", "latency_ms": 200, "status_code": 146, "route": "/checkout"}
{"timestamp": "2025-12-11T15:19:46.154323", "latency_ms": 200, "status_code": 213, "route": "/checkout"}
{"timestamp": "2025-12-11T15:19:46.392403", "latency_ms": 200, "status_code": 145, "route": "/login"}
{"timestamp": "2025-12-11T15:19:46.496380", "latency_ms": 200, "status_code": 128, "route": "/login"}
{"timestamp": "2025-12-11T15:22:28.461598", "latency_ms": 200, "status_code": 160, "route": "/search"}
{"timestamp": "2025-12-11T15:22:28.718356", "latency_ms": 200, "status_code": 261, "route": "/login"}
{"timestamp": "2025-12-11T15:22:28.860455", "latency_ms": 200, "status_code": 231, "route": "/Home"}
{"timestamp": "2025-12-11T15:22:29.251836", "latency_ms": 200, "status_code": 257, "route": "/login"}
{"timestamp": "2025-12-11T15:22:29.415371", "latency_ms": 200, "status_code": 244, "route": "/login"}
{"timestamp": "2025-12-11T15:22:29.653058", "latency_ms": 200, "status_code": 135, "route": "/search"}
{"timestamp": "2025-12-11T15:22:29.936137", "latency_ms": 200, "status_code": 112, "route": "/Home"}
{"timestamp": "2025-12-11T15:22:30.212190", "latency_ms": 200, "status_code": 150, "route": "/Home"}
{"timestamp": "2025-12-11T15:22:30.360292", "latency_ms": 200, "status_code": 179, "route": "/page"}
{"timestamp": "2025-12-11T15:22:30.631621", "latency_ms": 200, "status_code": 145, "route": "/search"}
{"timestamp": "2025-12-11T15:22:42.054130", "latency_ms": 200, "status_code": 192, "route": "/page"}
{"timestamp": "2025-12-11T15:22:42.468825", "latency_ms": 200, "status_code": 159, "route": "/checkout"}
{"timestamp": "2025-12-11T15:22:42.808454", "latency_ms": 200, "status_code": 114, "route": "/login"}
{"timestamp": "2025-12-11T15:22:43.022208", "latency_ms": 200, "status_code": 269, "route": "/checkout"}
{"timestamp": "2025-12-11T15:22:43.287890", "latency_ms": 200, "status_code": 165, "route": "/login"}
{"timestamp": "2025-12-11T15:22:43.657021", "latency_ms": 200, "status_code": 160, "route": "/login"}
{"timestamp": "2025-12-11T15:22:43.769028", "latency_ms": 200, "status_code": 135, "route": "/page"}
{"timestamp": "2025-12-11T15:22:44.041060", "latency_ms": 200, "status_code": 125, "route": "/search"}
{"timestamp": "2025-12-11T15:22:44.488723", "latency_ms": 200, "status_code": 148, "route": "/search"}
{"timestamp": "2025-12-11T15:22:44.779968", "latency_ms": 200, "status_code": 253, "route": "/Home"}
